Using pre-set license
Built from '2021.3/staging' branch; Version is '2021.3.43f1 (6f9470916942) revision 7312496'; Using compiler version '192829333'; Build Type 'Release'
OS: 'Windows 11  (10.0.22631) 64bit Core' Language: 'ko' Physical Memory: 7865 MB
BatchMode: 1, IsHumanControllingUs: 0, StartBugReporterOnCrash: 0, Is64bit: 1, IsPro: 1

COMMAND LINE ARGUMENTS:
C:\Program Files\Unity\Hub\Editor\2021.3.43f1\Editor\Unity.exe
-adb2
-batchMode
-noUpm
-name
AssetImportWorker1
-projectPath
C:/Users/2011d/Desktop/GAMP_FINAL
-logFile
Logs/AssetImportWorker1.log
-srvPort
51978
Successfully changed project path to: C:/Users/2011d/Desktop/GAMP_FINAL
C:/Users/2011d/Desktop/GAMP_FINAL
[UnityMemory] Configuration Parameters - Can be set up in boot.config
    "memorysetup-bucket-allocator-granularity=16"
    "memorysetup-bucket-allocator-bucket-count=8"
    "memorysetup-bucket-allocator-block-size=33554432"
    "memorysetup-bucket-allocator-block-count=8"
    "memorysetup-main-allocator-block-size=16777216"
    "memorysetup-thread-allocator-block-size=16777216"
    "memorysetup-gfx-main-allocator-block-size=16777216"
    "memorysetup-gfx-thread-allocator-block-size=16777216"
    "memorysetup-cache-allocator-block-size=4194304"
    "memorysetup-typetree-allocator-block-size=2097152"
    "memorysetup-profiler-bucket-allocator-granularity=16"
    "memorysetup-profiler-bucket-allocator-bucket-count=8"
    "memorysetup-profiler-bucket-allocator-block-size=33554432"
    "memorysetup-profiler-bucket-allocator-block-count=8"
    "memorysetup-profiler-allocator-block-size=16777216"
    "memorysetup-profiler-editor-allocator-block-size=1048576"
    "memorysetup-temp-allocator-size-main=16777216"
    "memorysetup-job-temp-allocator-block-size=2097152"
    "memorysetup-job-temp-allocator-block-size-background=1048576"
    "memorysetup-job-temp-allocator-reduction-small-platforms=262144"
    "memorysetup-temp-allocator-size-background-worker=32768"
    "memorysetup-temp-allocator-size-job-worker=262144"
    "memorysetup-temp-allocator-size-preload-manager=33554432"
    "memorysetup-temp-allocator-size-nav-mesh-worker=65536"
    "memorysetup-temp-allocator-size-audio-worker=65536"
    "memorysetup-temp-allocator-size-cloud-worker=32768"
    "memorysetup-temp-allocator-size-gi-baking-worker=262144"
    "memorysetup-temp-allocator-size-gfx=262144"
Player connection [18496] Host "[IP] 172.16.1.20 [Port] 0 [Flags] 2 [Guid] 2688248124 [EditorId] 2688248124 [Version] 1048832 [Id] WindowsEditor(7,SUN) [Debug] 1 [PackageName] WindowsEditor [ProjectName] Editor" joined multi-casting on [225.0.0.222:54997]...

Player connection [18496] Host "[IP] 172.16.1.20 [Port] 0 [Flags] 2 [Guid] 2688248124 [EditorId] 2688248124 [Version] 1048832 [Id] WindowsEditor(7,SUN) [Debug] 1 [PackageName] WindowsEditor [ProjectName] Editor" joined alternative multi-casting on [225.0.0.222:34997]...

[Physics::Module] Initialized MultithreadedJobDispatcher with {0} workers.
Refreshing native plugins compatible for Editor in 77.72 ms, found 3 plugins.
Preloading 0 native plugins for Editor in 0.00 ms.
Initialize engine version: 2021.3.43f1 (6f9470916942)
[Subsystems] Discovering subsystems at path C:/Program Files/Unity/Hub/Editor/2021.3.43f1/Editor/Data/Resources/UnitySubsystems
[Subsystems] Discovering subsystems at path C:/Users/2011d/Desktop/GAMP_FINAL/Assets
GfxDevice: creating device client; threaded=0; jobified=0
Direct3D:
    Version:  Direct3D 11.0 [level 11.1]
    Renderer: NVIDIA GeForce MX450 (ID=0x1f97)
    Vendor:   NVIDIA
    VRAM:     1928 MB
    Driver:   27.21.14.5256
Initialize mono
Mono path[0] = 'C:/Program Files/Unity/Hub/Editor/2021.3.43f1/Editor/Data/Managed'
Mono path[1] = 'C:/Program Files/Unity/Hub/Editor/2021.3.43f1/Editor/Data/MonoBleedingEdge/lib/mono/unityjit-win32'
Mono config path = 'C:/Program Files/Unity/Hub/Editor/2021.3.43f1/Editor/Data/MonoBleedingEdge/etc'
Using monoOptions --debugger-agent=transport=dt_socket,embedding=1,server=y,suspend=n,address=127.0.0.1:56640
Begin MonoManager ReloadAssembly
Registering precompiled unity dll's ...
Register platform support module: C:/Program Files/Unity/Hub/Editor/2021.3.43f1/Editor/Data/PlaybackEngines/WindowsStandaloneSupport/UnityEditor.WindowsStandalone.Extensions.dll
Registered in 0.019972 seconds.
Native extension for WindowsStandalone target not found
Refreshing native plugins compatible for Editor in 80.54 ms, found 3 plugins.
Preloading 0 native plugins for Editor in 0.00 ms.
Mono: successfully reloaded assembly
- Completed reload, in  1.062 seconds
Domain Reload Profiling:
	ReloadAssembly (1063ms)
		BeginReloadAssembly (219ms)
			ExecutionOrderSort (0ms)
			DisableScriptedObjects (0ms)
			BackupInstance (0ms)
			ReleaseScriptingObjects (0ms)
			CreateAndSetChildDomain (1ms)
		EndReloadAssembly (682ms)
			LoadAssemblies (215ms)
			RebuildTransferFunctionScriptingTraits (0ms)
			SetupTypeCache (186ms)
			ReleaseScriptCaches (0ms)
			RebuildScriptCaches (46ms)
			SetupLoadedEditorAssemblies (372ms)
				LogAssemblyErrors (0ms)
				InitializePlatformSupportModulesInManaged (16ms)
				SetLoadedEditorAssemblies (0ms)
				RefreshPlugins (81ms)
				BeforeProcessingInitializeOnLoad (2ms)
				ProcessInitializeOnLoadAttributes (192ms)
				ProcessInitializeOnLoadMethodAttributes (81ms)
				AfterProcessingInitializeOnLoad (0ms)
				EditorAssembliesLoaded (0ms)
			ExecutionOrderSort2 (0ms)
			AwakeInstancesAfterBackupRestoration (0ms)
Platform modules already initialized, skipping
Registering precompiled user dll's ...
Registered in 0.019519 seconds.
Begin MonoManager ReloadAssembly
Native extension for WindowsStandalone target not found
Refreshing native plugins compatible for Editor in 0.59 ms, found 3 plugins.
Preloading 0 native plugins for Editor in 0.00 ms.
Package Manager log level set to [2]
[Package Manager] Server::EnsureServerProcessIsRunning -- launch failed, reason: Unity was launched with the -noUpm command-line argument
[Package Manager] Cannot connect to Unity Package Manager local server
Mono: successfully reloaded assembly
- Completed reload, in  1.870 seconds
Domain Reload Profiling:
	ReloadAssembly (1871ms)
		BeginReloadAssembly (232ms)
			ExecutionOrderSort (0ms)
			DisableScriptedObjects (10ms)
			BackupInstance (0ms)
			ReleaseScriptingObjects (0ms)
			CreateAndSetChildDomain (28ms)
		EndReloadAssembly (1472ms)
			LoadAssemblies (233ms)
			RebuildTransferFunctionScriptingTraits (0ms)
			SetupTypeCache (364ms)
			ReleaseScriptCaches (1ms)
			RebuildScriptCaches (73ms)
			SetupLoadedEditorAssemblies (835ms)
				LogAssemblyErrors (0ms)
				InitializePlatformSupportModulesInManaged (8ms)
				SetLoadedEditorAssemblies (1ms)
				RefreshPlugins (1ms)
				BeforeProcessingInitializeOnLoad (111ms)
				ProcessInitializeOnLoadAttributes (671ms)
				ProcessInitializeOnLoadMethodAttributes (27ms)
				AfterProcessingInitializeOnLoad (16ms)
				EditorAssembliesLoaded (0ms)
			ExecutionOrderSort2 (0ms)
			AwakeInstancesAfterBackupRestoration (18ms)
Platform modules already initialized, skipping
========================================================================
Worker process is ready to serve import requests
Launched and connected shader compiler UnityShaderCompiler.exe after 0.09 seconds
Refreshing native plugins compatible for Editor in 0.99 ms, found 3 plugins.
Preloading 0 native plugins for Editor in 0.00 ms.
Unloading 3127 Unused Serialized files (Serialized files now loaded: 0)
Unloading 24 unused Assets / (46.4 KB). Loaded Objects now: 3586.
Memory consumption went from 110.0 MB to 109.9 MB.
Total: 3.372700 ms (FindLiveObjects: 0.366400 ms CreateObjectMapping: 0.116700 ms MarkObjects: 2.676000 ms  DeleteObjects: 0.212300 ms)

AssetImportParameters requested are different than current active one (requested -> active):
  custom:video-decoder-ogg-theora: a1e56fd34408186e4bbccfd4996cb3dc -> 
  custom:container-muxer-webm: aa71ff27fc2769a1b78a27578f13a17b -> 
  custom:container-demuxer-webm: 4f35f7cbe854078d1ac9338744f61a02 -> 
  custom:video-encoder-webm-vp8: eb34c28f22e8b96e1ab97ce403110664 -> 
  custom:video-codec-MediaFoundation-h265: 746d11721c4dcdbdad8f713fa42b33f4 -> 
  custom:CustomObjectIndexerAttribute: bc11b3a6c3213fcdd17b65e7da85e133 -> 
  custom:audio-encoder-webm-vorbis: bf7c407c2cedff20999df2af8eb42d56 -> 
  custom:framework-win-MediaFoundation: 216162199b28c13a410421893ffa2e32 -> 
  custom:SearchIndexIgnoredProperties: e643bd26f0fe6173181afceb89e7c659 -> 
  custom:container-demuxer-ogg: 62fdf1f143b41e24485cea50d1cbac27 -> 
  custom:video-decoder-webm-vp8: 9c59270c3fd7afecdb556c50c9e8de78 -> 
  custom:audio-decoder-ogg-vorbis: bf7c407c2cedff20999df2af8eb42d56 -> 
========================================================================
Received Import Request.
  Time since last request: 317224.153565 seconds.
  path: Assets/Multistory Dungeons 2/Scenes
  artifactKey: Guid(dbc50bc34bb8cf344b1ab2dba1a28cdd) Importer(815301076,1909f56bfc062723c751e8b465ee728b)
Number of updated assets reloaded before import = 0
Start importing Assets/Multistory Dungeons 2/Scenes using Guid(dbc50bc34bb8cf344b1ab2dba1a28cdd) Importer(815301076,1909f56bfc062723c751e8b465ee728b)  -> (artifact id: '3f04fd8a946c693bbae51dabfd787466') in 0.023609 seconds 
Number of asset objects unloaded after import = 0
========================================================================
Received Import Request.
  Time since last request: 495.499573 seconds.
  path: Assets/Multistory Dungeons 2/Prefabs/Props/Barrel_02.prefab
  artifactKey: Guid(b15f5745a0d64fb5b2ae7554210dff7a) Importer(815301076,1909f56bfc062723c751e8b465ee728b)
Number of updated assets reloaded before import = 0
Start importing Assets/Multistory Dungeons 2/Prefabs/Props/Barrel_02.prefab using Guid(b15f5745a0d64fb5b2ae7554210dff7a) Importer(815301076,1909f56bfc062723c751e8b465ee728b)  -> (artifact id: 'a75efb6732e450c5dfc418df664c3d8d') in 0.467506 seconds 
Number of asset objects unloaded after import = 12
========================================================================
Received Import Request.
  Time since last request: 0.000043 seconds.
  path: Assets/Multistory Dungeons 2/Prefabs/Props/Lantern_Handheld_01.prefab
  artifactKey: Guid(c2b5621c0df447c6832963ba7245f335) Importer(815301076,1909f56bfc062723c751e8b465ee728b)
Number of updated assets reloaded before import = 0
Start importing Assets/Multistory Dungeons 2/Prefabs/Props/Lantern_Handheld_01.prefab using Guid(c2b5621c0df447c6832963ba7245f335) Importer(815301076,1909f56bfc062723c751e8b465ee728b)  -> (artifact id: '8ca302098c49d03fc59fbc425468d660') in 0.096942 seconds 
Number of asset objects unloaded after import = 27
========================================================================
Received Import Request.
  Time since last request: 0.000049 seconds.
  path: Assets/Multistory Dungeons 2/Prefabs/Props/Torch_Handheld_01.prefab
  artifactKey: Guid(28bbda36f51a405f8e8a661d2246404a) Importer(815301076,1909f56bfc062723c751e8b465ee728b)
Number of updated assets reloaded before import = 0
Start importing Assets/Multistory Dungeons 2/Prefabs/Props/Torch_Handheld_01.prefab using Guid(28bbda36f51a405f8e8a661d2246404a) Importer(815301076,1909f56bfc062723c751e8b465ee728b)  -> (artifact id: '32b5ad0f65f3ede929c55ad89983e641') in 0.071584 seconds 
Number of asset objects unloaded after import = 22
========================================================================
Received Import Request.
  Time since last request: 0.000051 seconds.
  path: Assets/Multistory Dungeons 2/Prefabs/Props/Lantern_01.prefab
  artifactKey: Guid(17167dc6dc844dad8cef726ac45a016a) Importer(815301076,1909f56bfc062723c751e8b465ee728b)
Number of updated assets reloaded before import = 0
Start importing Assets/Multistory Dungeons 2/Prefabs/Props/Lantern_01.prefab using Guid(17167dc6dc844dad8cef726ac45a016a) Importer(815301076,1909f56bfc062723c751e8b465ee728b)  -> (artifact id: '02b6521922ddb46839f9f57f6454dec0') in 0.056196 seconds 
Number of asset objects unloaded after import = 20
========================================================================
Received Import Request.
  Time since last request: 0.000178 seconds.
  path: Assets/Multistory Dungeons 2/Prefabs/Props/Candlestick_Floor_01_Lit.prefab
  artifactKey: Guid(aa299f61244143f084a68a37435cb7c4) Importer(815301076,1909f56bfc062723c751e8b465ee728b)
Number of updated assets reloaded before import = 0
Start importing Assets/Multistory Dungeons 2/Prefabs/Props/Candlestick_Floor_01_Lit.prefab using Guid(aa299f61244143f084a68a37435cb7c4) Importer(815301076,1909f56bfc062723c751e8b465ee728b)  -> (artifact id: '74c7958f124336d01eb4008077098f36') in 0.061677 seconds 
Number of asset objects unloaded after import = 38
========================================================================
Received Import Request.
  Time since last request: 0.000031 seconds.
  path: Assets/Multistory Dungeons 2/Prefabs/Props/Barrels_Preset_04.prefab
  artifactKey: Guid(0e749be40a6b4f60935cf7e490b57d1e) Importer(815301076,1909f56bfc062723c751e8b465ee728b)
Number of updated assets reloaded before import = 0
Start importing Assets/Multistory Dungeons 2/Prefabs/Props/Barrels_Preset_04.prefab using Guid(0e749be40a6b4f60935cf7e490b57d1e) Importer(815301076,1909f56bfc062723c751e8b465ee728b)  -> (artifact id: '9e71c5998170b76ac3054b04500e898a') in 0.052260 seconds 
Number of asset objects unloaded after import = 15
========================================================================
Received Import Request.
  Time since last request: 0.000057 seconds.
  path: Assets/Multistory Dungeons 2/Prefabs/Props/Treasure_Chest_Base_02.prefab
  artifactKey: Guid(f145d8a31a7a4126899cac55d3396d94) Importer(815301076,1909f56bfc062723c751e8b465ee728b)
Number of updated assets reloaded before import = 0
Start importing Assets/Multistory Dungeons 2/Prefabs/Props/Treasure_Chest_Base_02.prefab using Guid(f145d8a31a7a4126899cac55d3396d94) Importer(815301076,1909f56bfc062723c751e8b465ee728b)  -> (artifact id: '1a9ee8f430847932c5b9720cedca2a5f') in 0.054066 seconds 
Number of asset objects unloaded after import = 18
========================================================================
Received Import Request.
  Time since last request: 0.000047 seconds.
  path: Assets/Multistory Dungeons 2/Prefabs/Props/Jugs_Preset_03.prefab
  artifactKey: Guid(46bf1c52d3624c7f815b3faaf29b4d83) Importer(815301076,1909f56bfc062723c751e8b465ee728b)
Number of updated assets reloaded before import = 0
Start importing Assets/Multistory Dungeons 2/Prefabs/Props/Jugs_Preset_03.prefab using Guid(46bf1c52d3624c7f815b3faaf29b4d83) Importer(815301076,1909f56bfc062723c751e8b465ee728b)  -> (artifact id: 'a9b032b5646cfc18d5cdd4a8111f1b6b') in 0.053888 seconds 
Number of asset objects unloaded after import = 14
========================================================================
Received Import Request.
  Time since last request: 0.000037 seconds.
  path: Assets/Multistory Dungeons 2/Prefabs/Props/Bucket_01.prefab
  artifactKey: Guid(8f91923b9a9c4dd2a622b3b1c3231268) Importer(815301076,1909f56bfc062723c751e8b465ee728b)
Number of updated assets reloaded before import = 0
Start importing Assets/Multistory Dungeons 2/Prefabs/Props/Bucket_01.prefab using Guid(8f91923b9a9c4dd2a622b3b1c3231268) Importer(815301076,1909f56bfc062723c751e8b465ee728b)  -> (artifact id: 'e6b4b35c7091467991ea8c3f650988a6') in 0.056647 seconds 
Number of asset objects unloaded after import = 11
========================================================================
Received Import Request.
  Time since last request: 0.000047 seconds.
  path: Assets/Multistory Dungeons 2/Prefabs/Props/Candle_02.prefab
  artifactKey: Guid(374b0997db81407ca6f741e55d078c80) Importer(815301076,1909f56bfc062723c751e8b465ee728b)
Number of updated assets reloaded before import = 0
Start importing Assets/Multistory Dungeons 2/Prefabs/Props/Candle_02.prefab using Guid(374b0997db81407ca6f741e55d078c80) Importer(815301076,1909f56bfc062723c751e8b465ee728b)  -> (artifact id: 'dbc39f30d30b25e8beeecf77374fec45') in 0.070458 seconds 
Number of asset objects unloaded after import = 21
========================================================================
Received Import Request.
  Time since last request: 0.000024 seconds.
  path: Assets/Multistory Dungeons 2/Prefabs/Props/Jugs_Preset_02.prefab
  artifactKey: Guid(f59e02d325704d6e9f804b133aa7b6f1) Importer(815301076,1909f56bfc062723c751e8b465ee728b)
Number of updated assets reloaded before import = 0
Start importing Assets/Multistory Dungeons 2/Prefabs/Props/Jugs_Preset_02.prefab using Guid(f59e02d325704d6e9f804b133aa7b6f1) Importer(815301076,1909f56bfc062723c751e8b465ee728b)  -> (artifact id: 'cb7d72872cc33917dff5c9f20ab9106e') in 0.060839 seconds 
Number of asset objects unloaded after import = 14
========================================================================
Received Import Request.
  Time since last request: 0.000054 seconds.
  path: Assets/Multistory Dungeons 2/Prefabs/Props/Barrels_Preset_01.prefab
  artifactKey: Guid(15fd5903be7b4cd68505a9c33fb0cd77) Importer(815301076,1909f56bfc062723c751e8b465ee728b)
Number of updated assets reloaded before import = 0
Start importing Assets/Multistory Dungeons 2/Prefabs/Props/Barrels_Preset_01.prefab using Guid(15fd5903be7b4cd68505a9c33fb0cd77) Importer(815301076,1909f56bfc062723c751e8b465ee728b)  -> (artifact id: '3ad5afd8a471b0551eddd22fd2ca9032') in 0.050626 seconds 
Number of asset objects unloaded after import = 14
========================================================================
Received Import Request.
  Time since last request: 0.000047 seconds.
  path: Assets/Multistory Dungeons 2/Prefabs/Props/Jug_02.prefab
  artifactKey: Guid(39b63f09de6a49acb8aac784141edeaa) Importer(815301076,1909f56bfc062723c751e8b465ee728b)
Number of updated assets reloaded before import = 0
Start importing Assets/Multistory Dungeons 2/Prefabs/Props/Jug_02.prefab using Guid(39b63f09de6a49acb8aac784141edeaa) Importer(815301076,1909f56bfc062723c751e8b465ee728b)  -> (artifact id: '5ff61b03eb8e99a7bf9bda1b61dc809d') in 0.065050 seconds 
Number of asset objects unloaded after import = 13
========================================================================
Received Import Request.
  Time since last request: 0.000130 seconds.
  path: Assets/Multistory Dungeons 2/Prefabs/Props/Candle_03.prefab
  artifactKey: Guid(bd3e98b7af3649949b2bbab0ea7fe8aa) Importer(815301076,1909f56bfc062723c751e8b465ee728b)
Number of updated assets reloaded before import = 0
Start importing Assets/Multistory Dungeons 2/Prefabs/Props/Candle_03.prefab using Guid(bd3e98b7af3649949b2bbab0ea7fe8aa) Importer(815301076,1909f56bfc062723c751e8b465ee728b)  -> (artifact id: '86bc6d0be2989765d46f146d50004179') in 0.085953 seconds 
Number of asset objects unloaded after import = 21
========================================================================
Received Import Request.
  Time since last request: 0.000031 seconds.
  path: Assets/Multistory Dungeons 2/Prefabs/Props/Treasure_Chest_01.prefab
  artifactKey: Guid(8ae5714440a54f42a374a1787987d54f) Importer(815301076,1909f56bfc062723c751e8b465ee728b)
Number of updated assets reloaded before import = 0
Start importing Assets/Multistory Dungeons 2/Prefabs/Props/Treasure_Chest_01.prefab using Guid(8ae5714440a54f42a374a1787987d54f) Importer(815301076,1909f56bfc062723c751e8b465ee728b)  -> (artifact id: '1191a0093559f0f94f7cffd24ded0ea7') in 0.053973 seconds 
Number of asset objects unloaded after import = 18
========================================================================
Received Import Request.
  Time since last request: 64.544162 seconds.
  path: Assets/Multistory Dungeons 2/Textures/Atlas_Furniture_01_Normal.psd
  artifactKey: Guid(e2a78d032f964db9aa0405d80f0ed07e) Importer(815301076,1909f56bfc062723c751e8b465ee728b)
Number of updated assets reloaded before import = 0
Start importing Assets/Multistory Dungeons 2/Textures/Atlas_Furniture_01_Normal.psd using Guid(e2a78d032f964db9aa0405d80f0ed07e) Importer(815301076,1909f56bfc062723c751e8b465ee728b)  -> (artifact id: '8ae9a9842fc5a943c4ee14d3dcc4277d') in 0.076320 seconds 
Number of asset objects unloaded after import = 2
========================================================================
Received Import Request.
  Time since last request: 0.000023 seconds.
  path: Assets/Multistory Dungeons 2/Textures/Atlas_Props_02.psd
  artifactKey: Guid(96674c4c0c3248708166abf9d9fd90a7) Importer(815301076,1909f56bfc062723c751e8b465ee728b)
Number of updated assets reloaded before import = 0
Start importing Assets/Multistory Dungeons 2/Textures/Atlas_Props_02.psd using Guid(96674c4c0c3248708166abf9d9fd90a7) Importer(815301076,1909f56bfc062723c751e8b465ee728b)  -> (artifact id: '6cd7c8832ce44a5e0f86969f5d0e7d4f') in 0.044601 seconds 
Number of asset objects unloaded after import = 2
========================================================================
Received Import Request.
  Time since last request: 0.000082 seconds.
  path: Assets/Multistory Dungeons 2/Textures/FX_Smoke_MD_01.psd
  artifactKey: Guid(b946e1039ab444399401facd2a6700e5) Importer(815301076,1909f56bfc062723c751e8b465ee728b)
Number of updated assets reloaded before import = 0
Start importing Assets/Multistory Dungeons 2/Textures/FX_Smoke_MD_01.psd using Guid(b946e1039ab444399401facd2a6700e5) Importer(815301076,1909f56bfc062723c751e8b465ee728b)  -> (artifact id: '40e223cea65bf20a2c4f4649313b7259') in 0.037166 seconds 
Number of asset objects unloaded after import = 2
========================================================================
Received Import Request.
  Time since last request: 0.000116 seconds.
  path: Assets/Multistory Dungeons 2/Textures/FX_Candle_Fire_MD_01.psd
  artifactKey: Guid(fa9528801bfb4b5f9474b939048aacdb) Importer(815301076,1909f56bfc062723c751e8b465ee728b)
Number of updated assets reloaded before import = 0
Start importing Assets/Multistory Dungeons 2/Textures/FX_Candle_Fire_MD_01.psd using Guid(fa9528801bfb4b5f9474b939048aacdb) Importer(815301076,1909f56bfc062723c751e8b465ee728b)  -> (artifact id: 'e86c779240b08d078c94222f1fd5a418') in 0.029498 seconds 
Number of asset objects unloaded after import = 2
========================================================================
Received Import Request.
  Time since last request: 0.000030 seconds.
  path: Assets/Multistory Dungeons 2/Textures/Atlas_Props_01_Emission.psd
  artifactKey: Guid(f72c851730284549a28937da858ba501) Importer(815301076,1909f56bfc062723c751e8b465ee728b)
Number of updated assets reloaded before import = 0
Start importing Assets/Multistory Dungeons 2/Textures/Atlas_Props_01_Emission.psd using Guid(f72c851730284549a28937da858ba501) Importer(815301076,1909f56bfc062723c751e8b465ee728b)  -> (artifact id: '4943e7f887a9f1638edfbe39daff6bfd') in 0.025171 seconds 
Number of asset objects unloaded after import = 2
========================================================================
Received Import Request.
  Time since last request: 0.000037 seconds.
  path: Assets/Multistory Dungeons 2/Textures/FX_Fire_01_MD.psd
  artifactKey: Guid(e9d99095e38043dbbcd6d8a2b2337c24) Importer(815301076,1909f56bfc062723c751e8b465ee728b)
Number of updated assets reloaded before import = 0
Start importing Assets/Multistory Dungeons 2/Textures/FX_Fire_01_MD.psd using Guid(e9d99095e38043dbbcd6d8a2b2337c24) Importer(815301076,1909f56bfc062723c751e8b465ee728b)  -> (artifact id: 'c4916cff041deaa2f4c706178f1a96cb') in 0.027212 seconds 
Number of asset objects unloaded after import = 2
========================================================================
Received Import Request.
  Time since last request: 0.000023 seconds.
  path: Assets/Multistory Dungeons 2/Textures/Atlas_Props_02_Normal.psd
  artifactKey: Guid(031998b9a91d4ceb9ef8aa85d4a1e4b9) Importer(815301076,1909f56bfc062723c751e8b465ee728b)
Number of updated assets reloaded before import = 0
Start importing Assets/Multistory Dungeons 2/Textures/Atlas_Props_02_Normal.psd using Guid(031998b9a91d4ceb9ef8aa85d4a1e4b9) Importer(815301076,1909f56bfc062723c751e8b465ee728b)  -> (artifact id: '9d897cd738c3c2f71ce00b2b89773862') in 0.029553 seconds 
Number of asset objects unloaded after import = 2
========================================================================
Received Import Request.
  Time since last request: 0.000043 seconds.
  path: Assets/Multistory Dungeons 2/Textures/Atlas_Props_01_Specular.psd
  artifactKey: Guid(4338fee117284677837ee007a11ed407) Importer(815301076,1909f56bfc062723c751e8b465ee728b)
Number of updated assets reloaded before import = 0
Start importing Assets/Multistory Dungeons 2/Textures/Atlas_Props_01_Specular.psd using Guid(4338fee117284677837ee007a11ed407) Importer(815301076,1909f56bfc062723c751e8b465ee728b)  -> (artifact id: 'edb8dec3c2fe300bd29369ee5dc23768') in 0.027531 seconds 
Number of asset objects unloaded after import = 2
========================================================================
Received Import Request.
  Time since last request: 0.000033 seconds.
  path: Assets/Multistory Dungeons 2/Textures/Atlas_Furniture_01_Specular.psd
  artifactKey: Guid(a09fb697519a4141b657b2a14a901ee0) Importer(815301076,1909f56bfc062723c751e8b465ee728b)
Number of updated assets reloaded before import = 0
Start importing Assets/Multistory Dungeons 2/Textures/Atlas_Furniture_01_Specular.psd using Guid(a09fb697519a4141b657b2a14a901ee0) Importer(815301076,1909f56bfc062723c751e8b465ee728b)  -> (artifact id: '5763c3da4731ffa9b6de35d8c80d7672') in 0.034783 seconds 
Number of asset objects unloaded after import = 2
========================================================================
Received Import Request.
  Time since last request: 1.672739 seconds.
  path: Assets/de-humani-corporis-fabrica/textures/Book_Bump.png
  artifactKey: Guid(0e8dd89e62cd1ed46b9dd99f8aab9c07) Importer(815301076,1909f56bfc062723c751e8b465ee728b)
Number of updated assets reloaded before import = 0
Start importing Assets/de-humani-corporis-fabrica/textures/Book_Bump.png using Guid(0e8dd89e62cd1ed46b9dd99f8aab9c07) Importer(815301076,1909f56bfc062723c751e8b465ee728b)  -> (artifact id: 'ed27a7b4980af3a711a63e2384083ca6') in 0.073086 seconds 
Number of asset objects unloaded after import = 2
========================================================================
Received Import Request.
  Time since last request: 0.000042 seconds.
  path: Assets/de-humani-corporis-fabrica/textures/internal_ground_ao_texture.jpeg
  artifactKey: Guid(d7cc986d8a84f4240932e3e00eb6c5e8) Importer(815301076,1909f56bfc062723c751e8b465ee728b)
Number of updated assets reloaded before import = 0
Start importing Assets/de-humani-corporis-fabrica/textures/internal_ground_ao_texture.jpeg using Guid(d7cc986d8a84f4240932e3e00eb6c5e8) Importer(815301076,1909f56bfc062723c751e8b465ee728b)  -> (artifact id: 'ba37af5cd8eaf887444680b760a411af') in 0.037945 seconds 
Number of asset objects unloaded after import = 2
